MillisecondTimerClass low = 7044641, high = 7266536
WinsockInterface constructed
WinsockInterface init.
About to call WSAStartup
Winsock initialised OK
Winsock version is 1.1
GetCDClass constructor
CD drive found - O:
1448-152
1449-76
1450-76
1451-3528
1452-888
1453-1152
1454-216
1455-264
1456-496
1457-120
1458-792
1459-2232
1460-208
1461-360
1462-168
1463-96
1464-69200
1465-184
1466-904
1467-1208
1468-24
1469-7468
1470-3528
1471-80
1472-328
1473-80
1474-308
1475-156
1476-140
1477-176
1478-124
1479-340
1480-52
1481-124
1482-108
1483-40
1484-896
1485-1264
1486-7760
1487-168
1488-56
1489-432
1490-4032
1491-800
1492-1
1493-544
1494-124
1495-108
1496-8
1497-24
1498-8
1499-8
1500-16
1501-32
1502-24
Create AppMutex okay.
Create AutoPlayMutex.
Got AutoPlayMutex okay.
Checking available disk space
Using GetDiskFreeSpaceEx
Free disk space is 101227 Mb
Focus_Restore()
Focus_Restore(): _MouseCaptured = false
Focus gained
Audio timer resolution is 10 milliseconds
Prep direct draw.
DSurface::Create_Primary
DSurface::AllowStretchBlits = true
DSurface::AllowHWFill = true
DSurface::Create_Primary - Creating surface
CreateSurface OK
DSurface::Create_Primary done
Allocating new surfaces
CompositeSurface (1752x1080) SYSTEM MEMORY
TileSurface (1752x1080) SYSTEM MEMORY
SidebarSurface (168x1080) SYSTEM MEMORY
HiddenSurface (1920x1080) SYSTEM MEMORY
AlternateSurface (1920x1080) SYSTEM MEMORY
Calc_Confining_Rect(0,0,1920,1080)
Capture_Mouse()
Main_Game
Init Game
Init Encryption Keys.
Init_Keys - declarations
Init_Keys - Load
Init_Keys - Init fast key
Bootstrap..... EXPAND00.MIX ECACHE01.MIX ECACHE00.MIX CACHE.MIX CACHE.MIX LOCAL.MIX ...OK
Init Mouse
Init CDROM
-CD parameter was specified. No CD init - all files must be local
Init Secondary Mixfiles..... CONQUER.MIX CACHE.MIX MULTI.MIX SOUNDS01.MIX SOUNDS.MIX SCORES.MIX SCORES01.MIX MOVIES01.MIX MOVIES02.MIX MOVIES03.MIX ...OK
Init Campaigns
Init Heaps
Init Threads
Reading Game Settings
--------- Loading SUN.INI settings ---------------
GameSpeed = 1
Difficulty = 1
ScrollMethod = 0
ScrollRate = 3
AutoScroll is ON
DetailLevel = 2
SideBar on RIGHT
Sidebar Text is ON
ActionLines are ON
ToolTips are ON
Resolution = 1920 X 1080
StretchMovies is OFF
AllowHiRes is OFF
SoundVolume = 0.400000
VoiceVolume = 0.400000
ScoreVolume = 0.200000
ScoreRepeat is OFF
ScoreShuffle is ON
Emulated sound card latency default = 0
--------- Complete -------------------------------
Init Anim System
Init Color Remap Tables
Creating TacticalMap
Init Bulk Data
RadarClass::One_Time()
Set_View_Dimensions(0,16,1752,1064)
Deleting ZBuffer
Allocating ZBuffer (1752x1064)
Deleting ABuffer
Allocating ABuffer (1752x1064)
MessageListClass::Init(Width: 1744)
MessageListClass::Set_Width(1744)
Set_View_Dimensions(exit)
Checking available disk space
Using GetDiskFreeSpaceEx
Free disk space is 101227 Mb
Session one time init. UniqueID is 3cc0e1f0
Reading SOUND.INI
Reading THEME.INI
Init Rules
Init random number
Seed is 24cec60a
Init Commands
Game Init Completed.
ExceptionReturnStack = 00AFF4F8
ExceptionReturnAddress = 004629A7
Init random number
Seed is 7726c887
WinsockInterface constructed
WinsockInterface init.
About to call WSAStartup
Winsock initialised OK
Winsock version is 1.1
About to open a UDP socket
About to bind the UDP socket
About to query the host name
About to call gethostbyname
Found local address: 172.19.112.1
Found local address: 10.0.0.99
Socket option SO_RCVBUF set OK
Socket option SO_SNDBUF set OK
UDP Socket init complete
IPX Manager: RetryDelta = 60
MaxAhead is 9
About to open a UDP socket
About to bind the UDP socket

----- Starting scnenario: spawnmap.ini -----
Player Count: 1
Reading scenario: spawnmap.ini
Scen->IsRandom = false
Read_Scenario_INI - Filename is spawnmap.ini
Clearing old scenario
Map.Init_Clear()
MapClass::Init_Clear entry
MapClass::Init_Clear done
RadarClass::Init_Clear
RadarClass::Init_Clear done
Logic.Init()
CurrentObjects.Clear()
Scen->Clear_All_Waypoints()
Init_Campaigns()
Creating new tactical map
Initializing Theater
Init theater TEMPERATE
Calling Prep_For_Side()
Preparing Mixfiles for Side 02.
     Initializing SIDEC03.MIX
     Initilizing SIDENC03.MIX
RadarClass::Init_For_House()
Initializeing Rules
Processing sides.
Side 0: GDI 
  GDI
Side 1: Nod 
  Nod
Side 2: Forgotten 
  Forgotten
Side 3: Civilian 
  Neutral
Side 4: Mutant 
  Special
Processing sides.
Calling Prep_Speech_For_Side()
 E01VOX03.MIX     Initilizing SPEECH03.MIX
Calling Scen->Read_Global_INI(*RuleINI);
Calling Rule->Addition() with scenario overrides
Processing sides.
Finished Rule->Addition() with scenario overrides
MapClass::Init_Clear entry
MapClass::Init_Clear done
RadarClass::Init_Clear
RadarClass::Init_Clear done
Loaded 385 isometric tiles consuming 2011 Kb
Demand loading image for Tiberium Veins
Demand loading image for WB04X
Demand loading image for WB02X
Demand loading image for WB01X
Creating 0 units - Random seed is 00000086
UniqueID is 000ff3f2
Multiplayer start waypoint found at cell 40,125
Multiplayer start waypoint found at cell 112,212
Multiplayer start waypoint found at cell 215,148
Multiplayer start waypoint found at cell 131,40
Generating units for house 0 (Forgotten)
Finished unit generation. Random number is 65001
Demand loading image for CAHOSP_A
Demand loading image for CAARAY_A
Demand loading image for CAARAY_B
Demand loading image for CAARAY_C
Demand loading image for CAARAY_D
Demand loading image for CAARMR_A
MessageListClass::Init(Width: 1744)
Theme::QueueSong(-2)
SoundVolume = 0.400000
VoiceVolume = 0.400000
ScoreVolume = 0.200000
ScoreRepeat is OFF
ScoreShuffle is ON
Entering Create_Connections
IPX Manager: RetryDelta = 60
MaxAhead is 12
Theme::AI(Next song = 2)
Theme::PlaySong(2) - Playing
Tooltips are on.
Adding event PRODUCE
Display: Abort_Drag_Select()
Adding event PLACE
Adding event PRODUCE
Adding event PLACE
Adding event PRODUCE
Adding event PRODUCE
Adding event PRODUCE
Adding event PLACE
Adding event PLACE
Adding event PLACE
Display: Abort_Drag_Select()
Adding event OPTIONS
Paused ElapsedTimer = 38595768
Tooltips are off.
Display: Abort_Drag_Select()
Scroll: Abort_Drag_Select()
Release_Mouse()
TS: Computing font metrics....
Capture_Mouse()
Release_Mouse()
Capture_Mouse()
Adding event EXIT
Resume ElapsedTimer = 38597239
Tooltips are on.
Sending game results because I quit, but didn't see completionTheme::QueueSong(-3)
Tooltips are off.
Game loop finished. Average FPS = 56
Release_Mouse()
MessageListClass::Init(Width: 632)
